<?xml version="1.0" encoding="UTF-8"?>
<robot generator="Robot 7.4.1 (Python 3.10.12 on linux)" generated="2026-01-09T16:43:52.828806" rpa="false" schemaversion="5">
<suite id="s1" name="01 Registration" source="/home/jules-rousseau/Bureau/ecf-testeur-medibook-2i-v3/medibook/tests/E2E_tests/01_registration.robot">
<test id="s1-t1" name="Successful Registration" line="13">
<kw name="Given I am on the registration page" owner="registration_steps">
<kw name="Open Browser To Base URL" owner="common_page">
<kw name="Open Browser" owner="SeleniumLibrary">
<msg time="2026-01-09T16:43:53.050939" level="INFO">Opening browser 'chrome' to base url 'http://localhost:3000'.</msg>
<arg>${BASE_URL}</arg>
<arg>chrome</arg>
<doc>Opens a new browser instance to the optional ``url``.</doc>
<status status="PASS" start="2026-01-09T16:43:53.050602" elapsed="2.196776"/>
</kw>
<kw name="Maximize Browser Window" owner="SeleniumLibrary">
<doc>Maximizes current browser window.</doc>
<status status="PASS" start="2026-01-09T16:43:55.248050" elapsed="0.080411"/>
</kw>
<status status="PASS" start="2026-01-09T16:43:53.049522" elapsed="2.279295"/>
</kw>
<kw name="Go To Registration Page" owner="registration_page">
<kw name="Go To Page" owner="common_page">
<kw name="Go To" owner="SeleniumLibrary">
<msg time="2026-01-09T16:43:55.331458" level="INFO">Opening url 'http://localhost:3000/register'</msg>
<arg>${url}</arg>
<doc>Navigates the current browser window to the provided ``url``.</doc>
<status status="PASS" start="2026-01-09T16:43:55.331057" elapsed="0.177669"/>
</kw>
<arg>${URL_REGISTER}</arg>
<status status="PASS" start="2026-01-09T16:43:55.330267" elapsed="0.178750"/>
</kw>
<status status="PASS" start="2026-01-09T16:43:55.329398" elapsed="0.179859"/>
</kw>
<kw name="Registration Page Should Be Visible" owner="registration_page">
<kw name="Element Should Be Visible" owner="common_page">
<kw name="Wait Until Element Is Visible" owner="SeleniumLibrary">
<arg>${locator}</arg>
<arg>timeout=10s</arg>
<doc>Waits until the element ``locator`` is visible.</doc>
<status status="PASS" start="2026-01-09T16:43:55.512087" elapsed="0.059846"/>
</kw>
<arg>${ON_PAGE}</arg>
<status status="PASS" start="2026-01-09T16:43:55.510885" elapsed="0.061256"/>
</kw>
<status status="PASS" start="2026-01-09T16:43:55.509839" elapsed="0.062432"/>
</kw>
<status status="PASS" start="2026-01-09T16:43:53.048970" elapsed="2.523416"/>
</kw>
<kw name="When I enter &quot;Test&quot; in the &quot;First name&quot; field" owner="registration_steps" source_name="I enter &quot;${First_name}&quot; in the &quot;First name&quot; field">
<kw name="Fill First Name" owner="registration_page">
<kw name="Input Text Into Field" owner="common_page">
<kw name="Input Text" owner="SeleniumLibrary">
<msg time="2026-01-09T16:43:55.575985" level="INFO">Typing text 'Test' into text field 'id=firstName'.</msg>
<arg>${locator}</arg>
<arg>${text}</arg>
<doc>Types the given ``text`` into the text field identified by ``locator``.</doc>
<status status="PASS" start="2026-01-09T16:43:55.575533" elapsed="0.170330"/>
</kw>
<arg>${INPUT_FIRSTNAME}</arg>
<arg>${value}</arg>
<status status="PASS" start="2026-01-09T16:43:55.574608" elapsed="0.171419"/>
</kw>
<arg>${First_name}</arg>
<status status="PASS" start="2026-01-09T16:43:55.573715" elapsed="0.172409"/>
</kw>
<status status="PASS" start="2026-01-09T16:43:55.572960" elapsed="0.173269"/>
</kw>
<kw name="And I enter &quot;Automatise&quot; in the &quot;Last name&quot; field" owner="registration_steps" source_name="I enter &quot;${last_name}&quot; in the &quot;Last name&quot; field">
<kw name="Fill Last Name" owner="registration_page">
<kw name="Input Text Into Field" owner="common_page">
<kw name="Input Text" owner="SeleniumLibrary">
<msg time="2026-01-09T16:43:55.748713" level="INFO">Typing text 'Automatise' into text field 'id=lastName'.</msg>
<arg>${locator}</arg>
<arg>${text}</arg>
<doc>Types the given ``text`` into the text field identified by ``locator``.</doc>
<status status="PASS" start="2026-01-09T16:43:55.748350" elapsed="0.146951"/>
</kw>
<arg>${INPUT_LASTNAME}</arg>
<arg>${value}</arg>
<status status="PASS" start="2026-01-09T16:43:55.747708" elapsed="0.147786"/>
</kw>
<arg>${last_name}</arg>
<status status="PASS" start="2026-01-09T16:43:55.747237" elapsed="0.148368"/>
</kw>
<status status="PASS" start="2026-01-09T16:43:55.746740" elapsed="0.148950"/>
</kw>
<kw name="And I enter a unique email in the &quot;Email&quot; field" owner="registration_steps">
<kw name="Generate Unique Email" owner="registration_page">
<kw name="Generate Random String" owner="String">
<msg time="2026-01-09T16:43:55.897430" level="INFO">${rand} = LwlvrJHt</msg>
<var>${rand}</var>
<arg>8</arg>
<arg>[LETTERS][NUMBERS]</arg>
<doc>Generates a string with a desired ``length`` from the given ``chars``.</doc>
<status status="PASS" start="2026-01-09T16:43:55.897000" elapsed="0.000495"/>
</kw>
<kw name="Set Variable" owner="BuiltIn">
<msg time="2026-01-09T16:43:55.898512" level="INFO">${email} = test.auto+LwlvrJHt@email.com</msg>
<var>${email}</var>
<arg>test.auto+${rand}@email.com</arg>
<doc>Returns the given values which can then be assigned to a variables.</doc>
<status status="PASS" start="2026-01-09T16:43:55.897705" elapsed="0.000870"/>
</kw>
<return>
<value>${email}</value>
<status status="PASS" start="2026-01-09T16:43:55.898695" elapsed="0.000093"/>
</return>
<msg time="2026-01-09T16:43:55.899054" level="INFO">${email} = test.auto+LwlvrJHt@email.com</msg>
<var>${email}</var>
<status status="PASS" start="2026-01-09T16:43:55.896633" elapsed="0.002530"/>
</kw>
<kw name="Fill Email" owner="registration_page">
<kw name="Input Text Into Field" owner="common_page">
<kw name="Input Text" owner="SeleniumLibrary">
<msg time="2026-01-09T16:43:55.901221" level="INFO">Typing text 'test.auto+LwlvrJHt@email.com' into text field 'id=email'.</msg>
<arg>${locator}</arg>
<arg>${text}</arg>
<doc>Types the given ``text`` into the text field identified by ``locator``.</doc>
<status status="PASS" start="2026-01-09T16:43:55.900839" elapsed="0.196757"/>
</kw>
<arg>${INPUT_EMAIL}</arg>
<arg>${value}</arg>
<status status="PASS" start="2026-01-09T16:43:55.900291" elapsed="0.197466"/>
</kw>
<arg>${email}</arg>
<status status="PASS" start="2026-01-09T16:43:55.899691" elapsed="0.198160"/>
</kw>
<status status="PASS" start="2026-01-09T16:43:55.896100" elapsed="0.201830"/>
</kw>
<kw name="And I enter &quot;Password123!&quot; in the &quot;Password&quot; field" owner="registration_steps" source_name="I enter &quot;${pwd}&quot; in the &quot;Password&quot; field">
<kw name="Fill Password" owner="registration_page">
<kw name="Input Text Into Field" owner="common_page">
<kw name="Input Text" owner="SeleniumLibrary">
<msg time="2026-01-09T16:43:56.101242" level="INFO">Typing text 'Password123!' into text field 'id=password'.</msg>
<arg>${locator}</arg>
<arg>${text}</arg>
<doc>Types the given ``text`` into the text field identified by ``locator``.</doc>
<status status="PASS" start="2026-01-09T16:43:56.100633" elapsed="0.148120"/>
</kw>
<arg>${INPUT_PASSWORD}</arg>
<arg>${value}</arg>
<status status="PASS" start="2026-01-09T16:43:56.099969" elapsed="0.149066"/>
</kw>
<arg>${pwd}</arg>
<status status="PASS" start="2026-01-09T16:43:56.099147" elapsed="0.150082"/>
</kw>
<status status="PASS" start="2026-01-09T16:43:56.098412" elapsed="0.150973"/>
</kw>
<kw name="And I enter &quot;Password123!&quot; in the &quot;Confirm password&quot; field" owner="registration_steps" source_name="I enter &quot;${cnf_pwd}&quot; in the &quot;Confirm password&quot; field">
<kw name="Fill Confirm Password" owner="registration_page">
<kw name="Input Text Into Field" owner="common_page">
<kw name="Input Text" owner="SeleniumLibrary">
<msg time="2026-01-09T16:43:56.254022" level="INFO">Typing text 'Password123!' into text field 'id=confirmPassword'.</msg>
<arg>${locator}</arg>
<arg>${text}</arg>
<doc>Types the given ``text`` into the text field identified by ``locator``.</doc>
<status status="PASS" start="2026-01-09T16:43:56.253376" elapsed="0.138170"/>
</kw>
<arg>${INPUT_CONFIRM_PASSWORD}</arg>
<arg>${value}</arg>
<status status="PASS" start="2026-01-09T16:43:56.252136" elapsed="0.139736"/>
</kw>
<arg>${cnf_pwd}</arg>
<status status="PASS" start="2026-01-09T16:43:56.250883" elapsed="0.141449"/>
</kw>
<status status="PASS" start="2026-01-09T16:43:56.250010" elapsed="0.142639"/>
</kw>
<kw name="And I check &quot;I accept the Terms and Conditions&quot;" owner="registration_steps">
<kw name="Accept Terms And Conditions" owner="registration_page">
<kw name="Scroll Element Into View" owner="SeleniumLibrary">
<arg>${CHECKBOX_CGU}</arg>
<doc>Scrolls the element identified by ``locator`` into view.</doc>
<status status="PASS" start="2026-01-09T16:43:56.394493" elapsed="0.294876"/>
</kw>
<kw name="Select Checkbox" owner="SeleniumLibrary">
<msg time="2026-01-09T16:43:56.691614" level="INFO">Selecting checkbox 'xpath=//input[@type="checkbox"]'.</msg>
<arg>${CHECKBOX_CGU}</arg>
<doc>Selects the checkbox identified by ``locator``.</doc>
<status status="PASS" start="2026-01-09T16:43:56.690412" elapsed="0.157983"/>
</kw>
<status status="PASS" start="2026-01-09T16:43:56.393933" elapsed="0.454770"/>
</kw>
<status status="PASS" start="2026-01-09T16:43:56.393154" elapsed="0.455726"/>
</kw>
<kw name="And I click on &quot;Create my account&quot;" owner="registration_steps">
<kw name="Submit Registration" owner="registration_page">
<kw name="Scroll Element Into View" owner="SeleniumLibrary">
<arg>${BTN_SUBMIT_REGISTER}</arg>
<doc>Scrolls the element identified by ``locator`` into view.</doc>
<status status="PASS" start="2026-01-09T16:43:56.852215" elapsed="0.302665"/>
</kw>
<kw name="Click Button" owner="SeleniumLibrary">
<msg time="2026-01-09T16:43:57.156206" level="INFO">Clicking button 'xpath=//button[@type="submit"]'.</msg>
<arg>${BTN_SUBMIT_REGISTER}</arg>
<doc>Clicks the button identified by ``locator``.</doc>
<status status="PASS" start="2026-01-09T16:43:57.155504" elapsed="0.122960"/>
</kw>
<status status="PASS" start="2026-01-09T16:43:56.851384" elapsed="0.427410"/>
</kw>
<status status="PASS" start="2026-01-09T16:43:56.849507" elapsed="0.429480"/>
</kw>
<kw name="Then I should see the message &quot;Account successfully created&quot;" owner="registration_steps">
<kw name="Registration Should Be Successful" owner="registration_page">
<kw name="Wait Until Page Contains" owner="SeleniumLibrary">
<arg>${MSG_SUCCESS}</arg>
<doc>Waits until ``text`` appears on the current page.</doc>
<status status="PASS" start="2026-01-09T16:43:57.281903" elapsed="0.241405"/>
</kw>
<status status="PASS" start="2026-01-09T16:43:57.280530" elapsed="0.243031"/>
</kw>
<status status="PASS" start="2026-01-09T16:43:57.279632" elapsed="0.244086"/>
</kw>
<kw name="Close Browser" owner="SeleniumLibrary" type="TEARDOWN">
<doc>Closes the current browser.</doc>
<status status="PASS" start="2026-01-09T16:43:57.524437" elapsed="0.087623"/>
</kw>
<status status="PASS" start="2026-01-09T16:43:53.047739" elapsed="4.565242"/>
</test>
<test id="s1-t2" name="Failed registration - Email already used" line="26">
<kw name="Given I am on the registration page" owner="registration_steps">
<kw name="Open Browser To Base URL" owner="common_page">
<kw name="Open Browser" owner="SeleniumLibrary">
<msg time="2026-01-09T16:43:57.621141" level="INFO">Opening browser 'chrome' to base url 'http://localhost:3000'.</msg>
<arg>${BASE_URL}</arg>
<arg>chrome</arg>
<doc>Opens a new browser instance to the optional ``url``.</doc>
<status status="PASS" start="2026-01-09T16:43:57.620271" elapsed="2.380409"/>
</kw>
<kw name="Maximize Browser Window" owner="SeleniumLibrary">
<doc>Maximizes current browser window.</doc>
<status status="PASS" start="2026-01-09T16:44:00.001244" elapsed="0.034750"/>
</kw>
<status status="PASS" start="2026-01-09T16:43:57.619115" elapsed="2.417443"/>
</kw>
<kw name="Go To Registration Page" owner="registration_page">
<kw name="Go To Page" owner="common_page">
<kw name="Go To" owner="SeleniumLibrary">
<msg time="2026-01-09T16:44:00.044379" level="INFO">Opening url 'http://localhost:3000/register'</msg>
<arg>${url}</arg>
<doc>Navigates the current browser window to the provided ``url``.</doc>
<status status="PASS" start="2026-01-09T16:44:00.043852" elapsed="0.219998"/>
</kw>
<arg>${URL_REGISTER}</arg>
<status status="PASS" start="2026-01-09T16:44:00.042415" elapsed="0.221910"/>
</kw>
<status status="PASS" start="2026-01-09T16:44:00.040003" elapsed="0.224600"/>
</kw>
<kw name="Registration Page Should Be Visible" owner="registration_page">
<kw name="Element Should Be Visible" owner="common_page">
<kw name="Wait Until Element Is Visible" owner="SeleniumLibrary">
<arg>${locator}</arg>
<arg>timeout=10s</arg>
<doc>Waits until the element ``locator`` is visible.</doc>
<status status="PASS" start="2026-01-09T16:44:00.267473" elapsed="0.056265"/>
</kw>
<arg>${ON_PAGE}</arg>
<status status="PASS" start="2026-01-09T16:44:00.266348" elapsed="0.057556"/>
</kw>
<status status="PASS" start="2026-01-09T16:44:00.265302" elapsed="0.058696"/>
</kw>
<status status="PASS" start="2026-01-09T16:43:57.618129" elapsed="2.705946"/>
</kw>
<kw name="When I enter an existing email &quot;adresse.test@email.com&quot;" owner="registration_steps" source_name="I enter an existing email &quot;${email}&quot;">
<kw name="Fill Email" owner="registration_page">
<kw name="Input Text Into Field" owner="common_page">
<kw name="Input Text" owner="SeleniumLibrary">
<msg time="2026-01-09T16:44:00.326295" level="INFO">Typing text 'adresse.test@email.com' into text field 'id=email'.</msg>
<arg>${locator}</arg>
<arg>${text}</arg>
<doc>Types the given ``text`` into the text field identified by ``locator``.</doc>
<status status="PASS" start="2026-01-09T16:44:00.325965" elapsed="0.214710"/>
</kw>
<arg>${INPUT_EMAIL}</arg>
<arg>${value}</arg>
<status status="PASS" start="2026-01-09T16:44:00.325525" elapsed="0.215315"/>
</kw>
<arg>${email}</arg>
<status status="PASS" start="2026-01-09T16:44:00.325059" elapsed="0.215878"/>
</kw>
<status status="PASS" start="2026-01-09T16:44:00.324568" elapsed="0.216449"/>
</kw>
<kw name="And I fill the other fields correctly" owner="registration_steps">
<kw name="Fill First Name" owner="registration_page">
<kw name="Input Text Into Field" owner="common_page">
<kw name="Input Text" owner="SeleniumLibrary">
<msg time="2026-01-09T16:44:00.543137" level="INFO">Typing text 'Test' into text field 'id=firstName'.</msg>
<arg>${locator}</arg>
<arg>${text}</arg>
<doc>Types the given ``text`` into the text field identified by ``locator``.</doc>
<status status="PASS" start="2026-01-09T16:44:00.542815" elapsed="0.119601"/>
</kw>
<arg>${INPUT_FIRSTNAME}</arg>
<arg>${value}</arg>
<status status="PASS" start="2026-01-09T16:44:00.542348" elapsed="0.120315"/>
</kw>
<arg>Test</arg>
<status status="PASS" start="2026-01-09T16:44:00.541922" elapsed="0.120896"/>
</kw>
<kw name="Fill Last Name" owner="registration_page">
<kw name="Input Text Into Field" owner="common_page">
<kw name="Input Text" owner="SeleniumLibrary">
<msg time="2026-01-09T16:44:00.664944" level="INFO">Typing text 'User' into text field 'id=lastName'.</msg>
<arg>${locator}</arg>
<arg>${text}</arg>
<doc>Types the given ``text`` into the text field identified by ``locator``.</doc>
<status status="PASS" start="2026-01-09T16:44:00.664622" elapsed="0.112062"/>
</kw>
<arg>${INPUT_LASTNAME}</arg>
<arg>${value}</arg>
<status status="PASS" start="2026-01-09T16:44:00.663924" elapsed="0.112922"/>
</kw>
<arg>User</arg>
<status status="PASS" start="2026-01-09T16:44:00.663198" elapsed="0.113762"/>
</kw>
<kw name="Fill Password" owner="registration_page">
<kw name="Input Text Into Field" owner="common_page">
<kw name="Input Text" owner="SeleniumLibrary">
<msg time="2026-01-09T16:44:00.778468" level="INFO">Typing text 'Password123#' into text field 'id=password'.</msg>
<arg>${locator}</arg>
<arg>${text}</arg>
<doc>Types the given ``text`` into the text field identified by ``locator``.</doc>
<status status="PASS" start="2026-01-09T16:44:00.778165" elapsed="0.153105"/>
</kw>
<arg>${INPUT_PASSWORD}</arg>
<arg>${value}</arg>
<status status="PASS" start="2026-01-09T16:44:00.777711" elapsed="0.153810"/>
</kw>
<arg>Password123#</arg>
<status status="PASS" start="2026-01-09T16:44:00.777235" elapsed="0.154446"/>
</kw>
<kw name="Fill Confirm Password" owner="registration_page">
<kw name="Input Text Into Field" owner="common_page">
<kw name="Input Text" owner="SeleniumLibrary">
<msg time="2026-01-09T16:44:00.935938" level="INFO">Typing text 'Password123#' into text field 'id=confirmPassword'.</msg>
<arg>${locator}</arg>
<arg>${text}</arg>
<doc>Types the given ``text`` into the text field identified by ``locator``.</doc>
<status status="PASS" start="2026-01-09T16:44:00.934792" elapsed="0.160627"/>
</kw>
<arg>${INPUT_CONFIRM_PASSWORD}</arg>
<arg>${value}</arg>
<status status="PASS" start="2026-01-09T16:44:00.933324" elapsed="0.162334"/>
</kw>
<arg>Password123#</arg>
<status status="PASS" start="2026-01-09T16:44:00.932322" elapsed="0.163482"/>
</kw>
<kw name="Accept Terms And Conditions" owner="registration_page">
<kw name="Scroll Element Into View" owner="SeleniumLibrary">
<arg>${CHECKBOX_CGU}</arg>
<doc>Scrolls the element identified by ``locator`` into view.</doc>
<status status="PASS" start="2026-01-09T16:44:01.096962" elapsed="0.292262"/>
</kw>
<kw name="Select Checkbox" owner="SeleniumLibrary">
<msg time="2026-01-09T16:44:01.389844" level="INFO">Selecting checkbox 'xpath=//input[@type="checkbox"]'.</msg>
<arg>${CHECKBOX_CGU}</arg>
<doc>Selects the checkbox identified by ``locator``.</doc>
<status status="PASS" start="2026-01-09T16:44:01.389519" elapsed="0.117467"/>
</kw>
<status status="PASS" start="2026-01-09T16:44:01.096251" elapsed="0.410979"/>
</kw>
<status status="PASS" start="2026-01-09T16:44:00.541414" elapsed="0.965966"/>
</kw>
<kw name="And I click on &quot;Create my account&quot;" owner="registration_steps">
<kw name="Submit Registration" owner="registration_page">
<kw name="Scroll Element Into View" owner="SeleniumLibrary">
<arg>${BTN_SUBMIT_REGISTER}</arg>
<doc>Scrolls the element identified by ``locator`` into view.</doc>
<status status="PASS" start="2026-01-09T16:44:01.509830" elapsed="0.292702"/>
</kw>
<kw name="Click Button" owner="SeleniumLibrary">
<msg time="2026-01-09T16:44:01.803376" level="INFO">Clicking button 'xpath=//button[@type="submit"]'.</msg>
<arg>${BTN_SUBMIT_REGISTER}</arg>
<doc>Clicks the button identified by ``locator``.</doc>
<status status="PASS" start="2026-01-09T16:44:01.802942" elapsed="0.102309"/>
</kw>
<status status="PASS" start="2026-01-09T16:44:01.508929" elapsed="0.396664"/>
</kw>
<status status="PASS" start="2026-01-09T16:44:01.507961" elapsed="0.397836"/>
</kw>
<kw name="Then I should see the error message &quot;Email already used&quot;" owner="registration_steps">
<kw name="Registration Should Fail Email Already Used" owner="registration_page">
<kw name="Wait Until Page Contains" owner="SeleniumLibrary">
<arg>${MSG_EMAIL_USED}</arg>
<doc>Waits until ``text`` appears on the current page.</doc>
<status status="PASS" start="2026-01-09T16:44:01.909285" elapsed="0.031817"/>
</kw>
<status status="PASS" start="2026-01-09T16:44:01.907595" elapsed="0.033708"/>
</kw>
<status status="PASS" start="2026-01-09T16:44:01.906508" elapsed="0.034928"/>
</kw>
<kw name="Close Browser" owner="SeleniumLibrary" type="TEARDOWN">
<doc>Closes the current browser.</doc>
<status status="PASS" start="2026-01-09T16:44:01.942010" elapsed="0.071374"/>
</kw>
<status status="PASS" start="2026-01-09T16:43:57.615067" elapsed="4.398893"/>
</test>
<status status="PASS" start="2026-01-09T16:43:52.830081" elapsed="9.186392"/>
</suite>
<statistics>
<total>
<stat pass="2" fail="0" skip="0">All Tests</stat>
</total>
<tag>
</tag>
<suite>
<stat name="01 Registration" id="s1" pass="2" fail="0" skip="0">01 Registration</stat>
</suite>
</statistics>
<errors>
</errors>
</robot>
